[0.403s] DEBUG:colcon:Command line arguments: ['/usr/bin/colcon', 'build', '--packages-select', 'ros2_socketcan']
[0.403s] DEBUG:colcon:Parsed command line arguments: Namespace(allow_overriding=[], ament_cmake_args=None, base_paths=['.'], build_base='build', catkin_cmake_args=None, catkin_skip_building_tests=False, cmake_args=None, cmake_clean_cache=False, cmake_clean_first=False, cmake_force_configure=False, cmake_target=None, cmake_target_skip_unavailable=False, continue_on_error=False, event_handlers=None, executor='parallel', ignore_user_meta=False, install_base='install', log_base=None, log_level=None, main=<bound method BuildVerb.main of <colcon_core.verb.build.BuildVerb object at 0xffff8d78bc40>>, merge_install=False, metas=['./colcon.meta'], packages_above=None, packages_above_and_dependencies=None, packages_above_depth=None, packages_end=None, packages_ignore=None, packages_ignore_regex=None, packages_select=['ros2_socketcan'], packages_select_build_failed=False, packages_select_by_dep=None, packages_select_regex=None, packages_select_test_failures=False, packages_skip=None, packages_skip_build_finished=False, packages_skip_by_dep=None, packages_skip_regex=None, packages_skip_test_passed=False, packages_skip_up_to=None, packages_start=None, packages_up_to=None, packages_up_to_regex=None, parallel_workers=8, paths=None, symlink_install=False, test_result_base=None, verb_extension=<colcon_core.verb.build.BuildVerb object at 0xffff8d78bc40>, verb_name='build', verb_parser=<colcon_defaults.argument_parser.defaults.DefaultArgumentsDecorator object at 0xffff8d72ce50>)
[0.705s] Level 1:colcon.colcon_core.package_discovery:discover_packages(colcon_meta) check parameters
[0.705s] Level 1:colcon.colcon_core.package_discovery:discover_packages(recursive) check parameters
[0.705s] Level 1:colcon.colcon_core.package_discovery:discover_packages(ignore) check parameters
[0.705s] Level 1:colcon.colcon_core.package_discovery:discover_packages(path) check parameters
[0.705s] Level 1:colcon.colcon_core.package_discovery:discover_packages(colcon_meta) discover
[0.706s] Level 1:colcon.colcon_core.package_discovery:discover_packages(recursive) discover
[0.706s] INFO:colcon.colcon_core.package_discovery:Crawling recursively for packages in '/home/kimm/wearable_robot_ws/src'
[0.706s] Level 1:colcon.colcon_core.package_identification:_identify(.) by extensions ['ignore', 'ignore_ament_install']
[0.706s] Level 1:colcon.colcon_core.package_identification:_identify(.) by extension 'ignore'
[0.706s] Level 1:colcon.colcon_core.package_identification:_identify(.) by extension 'ignore_ament_install'
[0.706s] Level 1:colcon.colcon_core.package_identification:_identify(.) by extensions ['colcon_pkg']
[0.707s] Level 1:colcon.colcon_core.package_identification:_identify(.) by extension 'colcon_pkg'
[0.707s] Level 1:colcon.colcon_core.package_identification:_identify(.) by extensions ['colcon_meta']
[0.707s] Level 1:colcon.colcon_core.package_identification:_identify(.) by extension 'colcon_meta'
[0.707s] Level 1:colcon.colcon_core.package_identification:_identify(.) by extensions ['ros']
[0.707s] Level 1:colcon.colcon_core.package_identification:_identify(.) by extension 'ros'
[0.729s] Level 1:colcon.colcon_core.package_identification:_identify(.) by extensions ['cmake', 'python']
[0.729s] Level 1:colcon.colcon_core.package_identification:_identify(.) by extension 'cmake'
[0.729s] Level 1:colcon.colcon_core.package_identification:_identify(.) by extension 'python'
[0.730s] Level 1:colcon.colcon_core.package_identification:_identify(.) by extensions ['python_setup_py']
[0.730s] Level 1:colcon.colcon_core.package_identification:_identify(.) by extension 'python_setup_py'
[0.730s] Level 1:colcon.colcon_core.package_identification:_identify(build) by extensions ['ignore', 'ignore_ament_install']
[0.730s] Level 1:colcon.colcon_core.package_identification:_identify(build) by extension 'ignore'
[0.730s] Level 1:colcon.colcon_core.package_identification:_identify(build) ignored
[0.731s] Level 1:colcon.colcon_core.package_identification:_identify(install) by extensions ['ignore', 'ignore_ament_install']
[0.731s] Level 1:colcon.colcon_core.package_identification:_identify(install) by extension 'ignore'
[0.731s] Level 1:colcon.colcon_core.package_identification:_identify(install) ignored
[0.731s] Level 1:colcon.colcon_core.package_identification:_identify(log) by extensions ['ignore', 'ignore_ament_install']
[0.731s] Level 1:colcon.colcon_core.package_identification:_identify(log) by extension 'ignore'
[0.732s] Level 1:colcon.colcon_core.package_identification:_identify(log) ignored
[0.732s] Level 1:colcon.colcon_core.package_identification:_identify(ros2_socketcan) by extensions ['ignore', 'ignore_ament_install']
[0.732s] Level 1:colcon.colcon_core.package_identification:_identify(ros2_socketcan) by extension 'ignore'
[0.732s] Level 1:colcon.colcon_core.package_identification:_identify(ros2_socketcan) by extension 'ignore_ament_install'
[0.732s] Level 1:colcon.colcon_core.package_identification:_identify(ros2_socketcan) by extensions ['colcon_pkg']
[0.732s] Level 1:colcon.colcon_core.package_identification:_identify(ros2_socketcan) by extension 'colcon_pkg'
[0.732s] Level 1:colcon.colcon_core.package_identification:_identify(ros2_socketcan) by extensions ['colcon_meta']
[0.732s] Level 1:colcon.colcon_core.package_identification:_identify(ros2_socketcan) by extension 'colcon_meta'
[0.733s] Level 1:colcon.colcon_core.package_identification:_identify(ros2_socketcan) by extensions ['ros']
[0.733s] Level 1:colcon.colcon_core.package_identification:_identify(ros2_socketcan) by extension 'ros'
[0.733s] Level 1:colcon.colcon_core.package_identification:_identify(ros2_socketcan) by extensions ['cmake', 'python']
[0.733s] Level 1:colcon.colcon_core.package_identification:_identify(ros2_socketcan) by extension 'cmake'
[0.733s] Level 1:colcon.colcon_core.package_identification:_identify(ros2_socketcan) by extension 'python'
[0.733s] Level 1:colcon.colcon_core.package_identification:_identify(ros2_socketcan) by extensions ['python_setup_py']
[0.733s] Level 1:colcon.colcon_core.package_identification:_identify(ros2_socketcan) by extension 'python_setup_py'
[0.733s] Level 1:colcon.colcon_core.package_identification:_identify(ros2_socketcan/ros2_socketcan) by extensions ['ignore', 'ignore_ament_install']
[0.734s] Level 1:colcon.colcon_core.package_identification:_identify(ros2_socketcan/ros2_socketcan) by extension 'ignore'
[0.734s] Level 1:colcon.colcon_core.package_identification:_identify(ros2_socketcan/ros2_socketcan) by extension 'ignore_ament_install'
[0.734s] Level 1:colcon.colcon_core.package_identification:_identify(ros2_socketcan/ros2_socketcan) by extensions ['colcon_pkg']
[0.734s] Level 1:colcon.colcon_core.package_identification:_identify(ros2_socketcan/ros2_socketcan) by extension 'colcon_pkg'
[0.734s] Level 1:colcon.colcon_core.package_identification:_identify(ros2_socketcan/ros2_socketcan) by extensions ['colcon_meta']
[0.734s] Level 1:colcon.colcon_core.package_identification:_identify(ros2_socketcan/ros2_socketcan) by extension 'colcon_meta'
[0.734s] Level 1:colcon.colcon_core.package_identification:_identify(ros2_socketcan/ros2_socketcan) by extensions ['ros']
[0.734s] Level 1:colcon.colcon_core.package_identification:_identify(ros2_socketcan/ros2_socketcan) by extension 'ros'
[0.740s] DEBUG:colcon.colcon_core.package_identification:Package 'ros2_socketcan/ros2_socketcan' with type 'ros.ament_cmake' and name 'ros2_socketcan'
[0.741s] Level 1:colcon.colcon_core.package_identification:_identify(ros2_socketcan/ros2_socketcan_msgs) by extensions ['ignore', 'ignore_ament_install']
[0.741s] Level 1:colcon.colcon_core.package_identification:_identify(ros2_socketcan/ros2_socketcan_msgs) by extension 'ignore'
[0.741s] Level 1:colcon.colcon_core.package_identification:_identify(ros2_socketcan/ros2_socketcan_msgs) by extension 'ignore_ament_install'
[0.741s] Level 1:colcon.colcon_core.package_identification:_identify(ros2_socketcan/ros2_socketcan_msgs) by extensions ['colcon_pkg']
[0.742s] Level 1:colcon.colcon_core.package_identification:_identify(ros2_socketcan/ros2_socketcan_msgs) by extension 'colcon_pkg'
[0.742s] Level 1:colcon.colcon_core.package_identification:_identify(ros2_socketcan/ros2_socketcan_msgs) by extensions ['colcon_meta']
[0.742s] Level 1:colcon.colcon_core.package_identification:_identify(ros2_socketcan/ros2_socketcan_msgs) by extension 'colcon_meta'
[0.742s] Level 1:colcon.colcon_core.package_identification:_identify(ros2_socketcan/ros2_socketcan_msgs) by extensions ['ros']
[0.742s] Level 1:colcon.colcon_core.package_identification:_identify(ros2_socketcan/ros2_socketcan_msgs) by extension 'ros'
[0.743s] DEBUG:colcon.colcon_core.package_identification:Package 'ros2_socketcan/ros2_socketcan_msgs' with type 'ros.ament_cmake' and name 'ros2_socketcan_msgs'
[0.744s] Level 1:colcon.colcon_core.package_identification:_identify(wearable_robot_bringup) by extensions ['ignore', 'ignore_ament_install']
[0.744s] Level 1:colcon.colcon_core.package_identification:_identify(wearable_robot_bringup) by extension 'ignore'
[0.744s] Level 1:colcon.colcon_core.package_identification:_identify(wearable_robot_bringup) by extension 'ignore_ament_install'
[0.744s] Level 1:colcon.colcon_core.package_identification:_identify(wearable_robot_bringup) by extensions ['colcon_pkg']
[0.744s] Level 1:colcon.colcon_core.package_identification:_identify(wearable_robot_bringup) by extension 'colcon_pkg'
[0.744s] Level 1:colcon.colcon_core.package_identification:_identify(wearable_robot_bringup) by extensions ['colcon_meta']
[0.744s] Level 1:colcon.colcon_core.package_identification:_identify(wearable_robot_bringup) by extension 'colcon_meta'
[0.744s] Level 1:colcon.colcon_core.package_identification:_identify(wearable_robot_bringup) by extensions ['ros']
[0.745s] Level 1:colcon.colcon_core.package_identification:_identify(wearable_robot_bringup) by extension 'ros'
[0.746s] DEBUG:colcon.colcon_core.package_identification:Package 'wearable_robot_bringup' with type 'ros.ament_cmake' and name 'wearable_robot_bringup'
[0.746s] Level 1:colcon.colcon_core.package_identification:_identify(wearable_robot_control) by extensions ['ignore', 'ignore_ament_install']
[0.746s] Level 1:colcon.colcon_core.package_identification:_identify(wearable_robot_control) by extension 'ignore'
[0.746s] Level 1:colcon.colcon_core.package_identification:_identify(wearable_robot_control) by extension 'ignore_ament_install'
[0.746s] Level 1:colcon.colcon_core.package_identification:_identify(wearable_robot_control) by extensions ['colcon_pkg']
[0.746s] Level 1:colcon.colcon_core.package_identification:_identify(wearable_robot_control) by extension 'colcon_pkg'
[0.746s] Level 1:colcon.colcon_core.package_identification:_identify(wearable_robot_control) by extensions ['colcon_meta']
[0.746s] Level 1:colcon.colcon_core.package_identification:_identify(wearable_robot_control) by extension 'colcon_meta'
[0.747s] Level 1:colcon.colcon_core.package_identification:_identify(wearable_robot_control) by extensions ['ros']
[0.747s] Level 1:colcon.colcon_core.package_identification:_identify(wearable_robot_control) by extension 'ros'
[0.748s] DEBUG:colcon.colcon_core.package_identification:Package 'wearable_robot_control' with type 'ros.ament_cmake' and name 'wearable_robot_control'
[0.748s] Level 1:colcon.colcon_core.package_identification:_identify(wearable_robot_data_processing) by extensions ['ignore', 'ignore_ament_install']
[0.748s] Level 1:colcon.colcon_core.package_identification:_identify(wearable_robot_data_processing) by extension 'ignore'
[0.748s] Level 1:colcon.colcon_core.package_identification:_identify(wearable_robot_data_processing) by extension 'ignore_ament_install'
[0.748s] Level 1:colcon.colcon_core.package_identification:_identify(wearable_robot_data_processing) by extensions ['colcon_pkg']
[0.748s] Level 1:colcon.colcon_core.package_identification:_identify(wearable_robot_data_processing) by extension 'colcon_pkg'
[0.748s] Level 1:colcon.colcon_core.package_identification:_identify(wearable_robot_data_processing) by extensions ['colcon_meta']
[0.749s] Level 1:colcon.colcon_core.package_identification:_identify(wearable_robot_data_processing) by extension 'colcon_meta'
[0.749s] Level 1:colcon.colcon_core.package_identification:_identify(wearable_robot_data_processing) by extensions ['ros']
[0.749s] Level 1:colcon.colcon_core.package_identification:_identify(wearable_robot_data_processing) by extension 'ros'
[0.751s] DEBUG:colcon.colcon_core.package_identification:Package 'wearable_robot_data_processing' with type 'ros.ament_cmake' and name 'wearable_robot_data_processing'
[0.751s] Level 1:colcon.colcon_core.package_identification:_identify(wearable_robot_interfaces) by extensions ['ignore', 'ignore_ament_install']
[0.751s] Level 1:colcon.colcon_core.package_identification:_identify(wearable_robot_interfaces) by extension 'ignore'
[0.751s] Level 1:colcon.colcon_core.package_identification:_identify(wearable_robot_interfaces) by extension 'ignore_ament_install'
[0.751s] Level 1:colcon.colcon_core.package_identification:_identify(wearable_robot_interfaces) by extensions ['colcon_pkg']
[0.752s] Level 1:colcon.colcon_core.package_identification:_identify(wearable_robot_interfaces) by extension 'colcon_pkg'
[0.752s] Level 1:colcon.colcon_core.package_identification:_identify(wearable_robot_interfaces) by extensions ['colcon_meta']
[0.752s] Level 1:colcon.colcon_core.package_identification:_identify(wearable_robot_interfaces) by extension 'colcon_meta'
[0.752s] Level 1:colcon.colcon_core.package_identification:_identify(wearable_robot_interfaces) by extensions ['ros']
[0.752s] Level 1:colcon.colcon_core.package_identification:_identify(wearable_robot_interfaces) by extension 'ros'
[0.753s] DEBUG:colcon.colcon_core.package_identification:Package 'wearable_robot_interfaces' with type 'ros.ament_cmake' and name 'wearable_robot_interfaces'
[0.753s] Level 1:colcon.colcon_core.package_discovery:discover_packages(recursive) using defaults
[0.753s] Level 1:colcon.colcon_core.package_discovery:discover_packages(ignore) discover
[0.753s] Level 1:colcon.colcon_core.package_discovery:discover_packages(ignore) using defaults
[0.753s] Level 1:colcon.colcon_core.package_discovery:discover_packages(path) discover
[0.753s] Level 1:colcon.colcon_core.package_discovery:discover_packages(path) using defaults
[0.788s] INFO:colcon.colcon_core.package_selection:Skipping not selected package 'ros2_socketcan_msgs' in 'ros2_socketcan/ros2_socketcan_msgs'
[0.789s] INFO:colcon.colcon_core.package_selection:Skipping not selected package 'wearable_robot_bringup' in 'wearable_robot_bringup'
[0.789s] INFO:colcon.colcon_core.package_selection:Skipping not selected package 'wearable_robot_control' in 'wearable_robot_control'
[0.789s] INFO:colcon.colcon_core.package_selection:Skipping not selected package 'wearable_robot_interfaces' in 'wearable_robot_interfaces'
[0.789s] INFO:colcon.colcon_core.package_selection:Skipping not selected package 'wearable_robot_data_processing' in 'wearable_robot_data_processing'
[0.790s] Level 1:colcon.colcon_core.package_discovery:discover_packages(prefix_path) check parameters
[0.790s] Level 1:colcon.colcon_core.package_discovery:discover_packages(prefix_path) discover
[0.792s] WARNING:colcon.colcon_ros.prefix_path.ament:The path '/home/kimm/wearable_robot_ws/install/wearable_robot_hw' in the environment variable AMENT_PREFIX_PATH doesn't exist
[0.792s] WARNING:colcon.colcon_ros.prefix_path.ament:The path '/home/kimm/wearable_robot_ws/install/wearable_robot_data_processing' in the environment variable AMENT_PREFIX_PATH doesn't exist
[0.792s] WARNING:colcon.colcon_ros.prefix_path.ament:The path '/home/kimm/wearable_robot_ws/install/wearable_robot_interfaces' in the environment variable AMENT_PREFIX_PATH doesn't exist
[0.792s] WARNING:colcon.colcon_ros.prefix_path.ament:The path '/home/kimm/wearable_robot_ws/install/wearable_robot_control' in the environment variable AMENT_PREFIX_PATH doesn't exist
[0.792s] WARNING:colcon.colcon_ros.prefix_path.ament:The path '/home/kimm/wearable_robot_ws/install/wearable_robot_bringup' in the environment variable AMENT_PREFIX_PATH doesn't exist
[0.792s] WARNING:colcon.colcon_ros.prefix_path.ament:The path '/home/kimm/wearable_robot_ws/install/ros2_socketcan_msgs' in the environment variable AMENT_PREFIX_PATH doesn't exist
[0.793s] WARNING:colcon.colcon_ros.prefix_path.ament:The path '/home/kimm/wearable_robot_ws/install/can_comm' in the environment variable AMENT_PREFIX_PATH doesn't exist
[0.793s] WARNING:colcon.colcon_ros.prefix_path.catkin:The path '/home/kimm/wearable_robot_ws/install/wearable_robot_hw' in the environment variable CMAKE_PREFIX_PATH doesn't exist
[0.793s] WARNING:colcon.colcon_ros.prefix_path.catkin:The path '/home/kimm/wearable_robot_ws/install/wearable_robot_data_processing' in the environment variable CMAKE_PREFIX_PATH doesn't exist
[0.793s] WARNING:colcon.colcon_ros.prefix_path.catkin:The path '/home/kimm/wearable_robot_ws/install/wearable_robot_interfaces' in the environment variable CMAKE_PREFIX_PATH doesn't exist
[0.793s] WARNING:colcon.colcon_ros.prefix_path.catkin:The path '/home/kimm/wearable_robot_ws/install/wearable_robot_control' in the environment variable CMAKE_PREFIX_PATH doesn't exist
[0.793s] WARNING:colcon.colcon_ros.prefix_path.catkin:The path '/home/kimm/wearable_robot_ws/install/wearable_robot_bringup' in the environment variable CMAKE_PREFIX_PATH doesn't exist
[0.793s] WARNING:colcon.colcon_ros.prefix_path.catkin:The path '/home/kimm/wearable_robot_ws/install/ros2_socketcan_msgs' in the environment variable CMAKE_PREFIX_PATH doesn't exist
[0.794s] WARNING:colcon.colcon_ros.prefix_path.catkin:The path '/home/kimm/wearable_robot_ws/install/can_comm' in the environment variable CMAKE_PREFIX_PATH doesn't exist
[0.795s] DEBUG:colcon.colcon_installed_package_information.package_discovery:Found 1 installed packages in /home/kimm/wearable_robot_ws/install
[0.796s] DEBUG:colcon.colcon_installed_package_information.package_discovery:Found 1 installed packages in /home/kimm/install
[0.798s] DEBUG:colcon.colcon_installed_package_information.package_discovery:Found 262 installed packages in /opt/ros/foxy
[0.801s] Level 1:colcon.colcon_core.package_discovery:discover_packages(prefix_path) using defaults
[0.972s] Level 5:colcon.colcon_core.verb:set package 'ros2_socketcan' build argument 'cmake_args' from command line to 'None'
[0.972s] Level 5:colcon.colcon_core.verb:set package 'ros2_socketcan' build argument 'cmake_target' from command line to 'None'
[0.972s] Level 5:colcon.colcon_core.verb:set package 'ros2_socketcan' build argument 'cmake_target_skip_unavailable' from command line to 'False'
[0.973s] Level 5:colcon.colcon_core.verb:set package 'ros2_socketcan' build argument 'cmake_clean_cache' from command line to 'False'
[0.973s] Level 5:colcon.colcon_core.verb:set package 'ros2_socketcan' build argument 'cmake_clean_first' from command line to 'False'
[0.973s] Level 5:colcon.colcon_core.verb:set package 'ros2_socketcan' build argument 'cmake_force_configure' from command line to 'False'
[0.973s] Level 5:colcon.colcon_core.verb:set package 'ros2_socketcan' build argument 'ament_cmake_args' from command line to 'None'
[0.973s] Level 5:colcon.colcon_core.verb:set package 'ros2_socketcan' build argument 'catkin_cmake_args' from command line to 'None'
[0.973s] Level 5:colcon.colcon_core.verb:set package 'ros2_socketcan' build argument 'catkin_skip_building_tests' from command line to 'False'
[0.973s] DEBUG:colcon.colcon_core.verb:Building package 'ros2_socketcan' with the following arguments: {'ament_cmake_args': None, 'build_base': '/home/kimm/wearable_robot_ws/src/build/ros2_socketcan', 'catkin_cmake_args': None, 'catkin_skip_building_tests': False, 'cmake_args': None, 'cmake_clean_cache': False, 'cmake_clean_first': False, 'cmake_force_configure': False, 'cmake_target': None, 'cmake_target_skip_unavailable': False, 'install_base': '/home/kimm/wearable_robot_ws/src/install/ros2_socketcan', 'merge_install': False, 'path': '/home/kimm/wearable_robot_ws/src/ros2_socketcan/ros2_socketcan', 'symlink_install': False, 'test_result_base': None}
[0.973s] INFO:colcon.colcon_core.executor:Executing jobs using 'parallel' executor
[0.976s] DEBUG:colcon.colcon_parallel_executor.executor.parallel:run_until_complete
[0.976s] INFO:colcon.colcon_ros.task.ament_cmake.build:Building ROS package in '/home/kimm/wearable_robot_ws/src/ros2_socketcan/ros2_socketcan' with build type 'ament_cmake'
[0.977s] INFO:colcon.colcon_cmake.task.cmake.build:Building CMake package in '/home/kimm/wearable_robot_ws/src/ros2_socketcan/ros2_socketcan'
[0.981s] INFO:colcon.colcon_core.plugin_system:Skipping extension 'colcon_core.shell.bat': Not used on non-Windows systems
[0.982s] INFO:colcon.colcon_core.shell:Skip shell extension 'powershell' for command environment: Not usable outside of PowerShell
[0.982s] DEBUG:colcon.colcon_core.shell:Skip shell extension 'dsv' for command environment
[0.987s] ERROR:colcon.colcon_cmake.task.cmake.build:Failed to find the following files:
- /home/kimm/wearable_robot_ws/src/install/ros2_socketcan_msgs/share/ros2_socketcan_msgs/package.sh
Check that the following packages have been built:
- ros2_socketcan_msgs
[0.989s] Level 1:colcon.colcon_core.environment:create_environment_scripts_only(ros2_socketcan)
[0.995s] Level 1:colcon.colcon_core.environment:checking '/home/kimm/wearable_robot_ws/src/install/ros2_socketcan' for CMake module files
[0.996s] Level 1:colcon.colcon_core.environment:checking '/home/kimm/wearable_robot_ws/src/install/ros2_socketcan' for CMake config files
[0.997s] Level 1:colcon.colcon_core.shell:create_environment_hook('ros2_socketcan', 'cmake_prefix_path')
[0.997s] INFO:colcon.colcon_core.shell:Creating environment hook '/home/kimm/wearable_robot_ws/src/install/ros2_socketcan/share/ros2_socketcan/hook/cmake_prefix_path.ps1'
[0.999s] INFO:colcon.colcon_core.shell:Creating environment descriptor '/home/kimm/wearable_robot_ws/src/install/ros2_socketcan/share/ros2_socketcan/hook/cmake_prefix_path.dsv'
[1.001s] INFO:colcon.colcon_core.shell:Creating environment hook '/home/kimm/wearable_robot_ws/src/install/ros2_socketcan/share/ros2_socketcan/hook/cmake_prefix_path.sh'
[1.004s] Level 1:colcon.colcon_core.environment:checking '/home/kimm/wearable_robot_ws/src/install/ros2_socketcan/lib'
[1.005s] Level 1:colcon.colcon_core.shell:create_environment_hook('ros2_socketcan', 'ld_library_path_lib')
[1.005s] INFO:colcon.colcon_core.shell:Creating environment hook '/home/kimm/wearable_robot_ws/src/install/ros2_socketcan/share/ros2_socketcan/hook/ld_library_path_lib.ps1'
[1.006s] INFO:colcon.colcon_core.shell:Creating environment descriptor '/home/kimm/wearable_robot_ws/src/install/ros2_socketcan/share/ros2_socketcan/hook/ld_library_path_lib.dsv'
[1.007s] INFO:colcon.colcon_core.shell:Creating environment hook '/home/kimm/wearable_robot_ws/src/install/ros2_socketcan/share/ros2_socketcan/hook/ld_library_path_lib.sh'
[1.008s] Level 1:colcon.colcon_core.environment:checking '/home/kimm/wearable_robot_ws/src/install/ros2_socketcan/bin'
[1.008s] Level 1:colcon.colcon_core.environment:checking '/home/kimm/wearable_robot_ws/src/install/ros2_socketcan/lib/pkgconfig/ros2_socketcan.pc'
[1.008s] Level 1:colcon.colcon_core.environment:checking '/home/kimm/wearable_robot_ws/src/install/ros2_socketcan/lib/python3.8/site-packages'
[1.009s] Level 1:colcon.colcon_core.environment:checking '/home/kimm/wearable_robot_ws/src/install/ros2_socketcan/bin'
[1.010s] INFO:colcon.colcon_core.shell:Creating package script '/home/kimm/wearable_robot_ws/src/install/ros2_socketcan/share/ros2_socketcan/package.ps1'
[1.012s] INFO:colcon.colcon_core.shell:Creating package descriptor '/home/kimm/wearable_robot_ws/src/install/ros2_socketcan/share/ros2_socketcan/package.dsv'
[1.014s] INFO:colcon.colcon_core.shell:Creating package script '/home/kimm/wearable_robot_ws/src/install/ros2_socketcan/share/ros2_socketcan/package.sh'
[1.016s] INFO:colcon.colcon_core.shell:Creating package script '/home/kimm/wearable_robot_ws/src/install/ros2_socketcan/share/ros2_socketcan/package.bash'
[1.018s] INFO:colcon.colcon_core.shell:Creating package script '/home/kimm/wearable_robot_ws/src/install/ros2_socketcan/share/ros2_socketcan/package.zsh'
[1.019s] Level 1:colcon.colcon_core.environment:create_file_with_runtime_dependencies(/home/kimm/wearable_robot_ws/src/install/ros2_socketcan/share/colcon-core/packages/ros2_socketcan)
[1.031s] DEBUG:colcon.colcon_parallel_executor.executor.parallel:closing loop
[1.031s] DEBUG:colcon.colcon_parallel_executor.executor.parallel:loop closed
[1.031s] DEBUG:colcon.colcon_parallel_executor.executor.parallel:run_until_complete finished with '1'
[1.032s] DEBUG:colcon.colcon_core.event_reactor:joining thread
[1.043s] INFO:colcon.colcon_core.plugin_system:Skipping extension 'colcon_notification.desktop_notification.terminal_notifier': Not used on non-Darwin systems
[1.043s] INFO:colcon.colcon_core.plugin_system:Skipping extension 'colcon_notification.desktop_notification.win32': Not used on non-Windows systems
[1.043s] INFO:colcon.colcon_notification.desktop_notification:Sending desktop notification using 'notify2'
[1.080s] DEBUG:colcon.colcon_core.event_reactor:joined thread
[1.082s] INFO:colcon.colcon_core.shell:Creating prefix script '/home/kimm/wearable_robot_ws/src/install/local_setup.ps1'
[1.084s] INFO:colcon.colcon_core.shell:Creating prefix util module '/home/kimm/wearable_robot_ws/src/install/_local_setup_util_ps1.py'
[1.087s] INFO:colcon.colcon_core.shell:Creating prefix chain script '/home/kimm/wearable_robot_ws/src/install/setup.ps1'
[1.090s] INFO:colcon.colcon_core.shell:Creating prefix script '/home/kimm/wearable_robot_ws/src/install/local_setup.sh'
[1.092s] INFO:colcon.colcon_core.shell:Creating prefix util module '/home/kimm/wearable_robot_ws/src/install/_local_setup_util_sh.py'
[1.093s] INFO:colcon.colcon_core.shell:Creating prefix chain script '/home/kimm/wearable_robot_ws/src/install/setup.sh'
[1.096s] INFO:colcon.colcon_core.shell:Creating prefix script '/home/kimm/wearable_robot_ws/src/install/local_setup.bash'
[1.097s] INFO:colcon.colcon_core.shell:Creating prefix chain script '/home/kimm/wearable_robot_ws/src/install/setup.bash'
[1.100s] INFO:colcon.colcon_core.shell:Creating prefix script '/home/kimm/wearable_robot_ws/src/install/local_setup.zsh'
[1.101s] INFO:colcon.colcon_core.shell:Creating prefix chain script '/home/kimm/wearable_robot_ws/src/install/setup.zsh'
