[0.031s] Invoking command in '/home/kimm/wearable_robot_ws/src/build/ros2_socketcan': CMAKE_PREFIX_PATH=${CMAKE_PREFIX_PATH}:/opt/ros/foxy /usr/bin/cmake /home/kimm/wearable_robot_ws/src/ros2_socketcan/ros2_socketcan -DCMAKE_INSTALL_PREFIX=/home/kimm/wearable_robot_ws/src/install/ros2_socketcan
[0.304s] -- The C compiler identification is GNU 9.4.0
[1.113s] -- The CXX compiler identification is GNU 9.4.0
[1.131s] -- Check for working C compiler: /usr/bin/cc
[1.325s] -- Check for working C compiler: /usr/bin/cc -- works
[1.338s] -- Detecting C compiler ABI info
[1.523s] -- Detecting C compiler ABI info - done
[1.543s] -- Detecting C compile features
[1.546s] -- Detecting C compile features - done
[1.555s] -- Check for working CXX compiler: /usr/bin/c++
[1.728s] -- Check for working CXX compiler: /usr/bin/c++ -- works
[1.730s] -- Detecting CXX compiler ABI info
[1.900s] -- Detecting CXX compiler ABI info - done
[1.927s] -- Detecting CXX compile features
[1.928s] -- Detecting CXX compile features - done
[1.936s] -- Found ament_cmake_auto: 0.9.12 (/opt/ros/foxy/share/ament_cmake_auto/cmake)
[1.997s] -- Found PythonInterp: /usr/bin/python3 (found suitable version "3.8.10", minimum required is "3") 
[1.997s] -- Using PYTHON_EXECUTABLE: /usr/bin/python3
[2.743s] -- Using all available rosidl_typesupport_c: rosidl_typesupport_fastrtps_c;rosidl_typesupport_introspection_c
[2.761s] -- Found rosidl_adapter: 1.3.1 (/opt/ros/foxy/share/rosidl_adapter/cmake)
[3.009s] -- Found OpenSSL: /usr/lib/aarch64-linux-gnu/libcrypto.so (found version "1.1.1f")  
[3.077s] -- Found FastRTPS: /opt/ros/foxy/include  
[3.253s] -- Using all available rosidl_typesupport_cpp: rosidl_typesupport_fastrtps_cpp;rosidl_typesupport_introspection_cpp
[3.385s] -- Found rmw_implementation_cmake: 1.0.4 (/opt/ros/foxy/share/rmw_implementation_cmake/cmake)
[3.391s] -- Using RMW implementation 'rmw_fastrtps_cpp' as default
[3.402s] -- Looking for pthread.h
[3.570s] -- Looking for pthread.h - found
[3.570s] -- Performing Test CMAKE_HAVE_LIBC_PTHREAD
[3.732s] -- Performing Test CMAKE_HAVE_LIBC_PTHREAD - Failed
[3.733s] -- Looking for pthread_create in pthreads
[3.865s] -- Looking for pthread_create in pthreads - not found
[3.866s] -- Looking for pthread_create in pthread
[4.030s] -- Looking for pthread_create in pthread - found
[4.030s] -- Found Threads: TRUE  
[4.770s] -- Found ament_lint_auto: 0.9.8 (/opt/ros/foxy/share/ament_lint_auto/cmake)
[4.836s] -- Found gtest sources under '/opt/ros/foxy/src/gtest_vendor': C++ tests using 'Google Test' will be built
[4.843s] -- Check if compiler accepts -pthread
[5.020s] -- Check if compiler accepts -pthread - yes
[5.037s] -- Added test 'copyright' to check source files copyright and LICENSE
[5.041s] -- Added test 'cppcheck' to perform static code analysis on C / C++ code
[5.042s] -- Configured cppcheck include dirs: /home/kimm/wearable_robot_ws/src/ros2_socketcan/ros2_socketcan/include
[5.043s] -- Configured cppcheck exclude dirs and/or files: 
[5.047s] -- Added test 'cpplint' to check C / C++ code against the Google style
[5.047s] -- Configured cpplint exclude dirs and/or files: 
[5.048s] -- Added test 'flake8' to check Python code syntax and style conventions
[5.051s] -- Added test 'lint_cmake' to check CMake code style
[5.052s] -- Added test 'pep257' to check Python code against some of the style conventions in PEP 257
[5.057s] -- Added test 'uncrustify' to check C / C++ code style
[5.057s] -- Configured uncrustify additional arguments: 
[5.060s] -- Added test 'xmllint' to check XML markup files
[5.076s] -- Configuring done
[5.156s] -- Generating done
[5.190s] -- Build files have been written to: /home/kimm/wearable_robot_ws/src/build/ros2_socketcan
[5.226s] Invoked command in '/home/kimm/wearable_robot_ws/src/build/ros2_socketcan' returned '0': CMAKE_PREFIX_PATH=${CMAKE_PREFIX_PATH}:/opt/ros/foxy /usr/bin/cmake /home/kimm/wearable_robot_ws/src/ros2_socketcan/ros2_socketcan -DCMAKE_INSTALL_PREFIX=/home/kimm/wearable_robot_ws/src/install/ros2_socketcan
[5.231s] Invoking command in '/home/kimm/wearable_robot_ws/src/build/ros2_socketcan': CMAKE_PREFIX_PATH=${CMAKE_PREFIX_PATH}:/opt/ros/foxy /usr/bin/cmake --build /home/kimm/wearable_robot_ws/src/build/ros2_socketcan -- -j8 -l8
[5.328s] [35m[1mScanning dependencies of target ros2_socketcan[0m
[5.328s] [35m[1mScanning dependencies of target socket_can_sender_node_exe[0m
[5.341s] [35m[1mScanning dependencies of target gtest[0m
[5.348s] [35m[1mScanning dependencies of target gtest_main[0m
[5.354s] [35m[1mScanning dependencies of target socket_can_receiver_node_exe[0m
[5.381s] [  4%] [32mBuilding CXX object CMakeFiles/ros2_socketcan.dir/src/socket_can_receiver.cpp.o[0m
[5.389s] [  9%] [32mBuilding CXX object CMakeFiles/ros2_socketcan.dir/src/socket_can_id.cpp.o[0m
[5.406s] [ 14%] [32mBuilding CXX object CMakeFiles/ros2_socketcan.dir/src/socket_can_sender.cpp.o[0m
[5.409s] [ 19%] [32mBuilding CXX object CMakeFiles/ros2_socketcan.dir/src/socket_can_common.cpp.o[0m
[5.424s] [ 23%] [32mBuilding CXX object gtest/CMakeFiles/gtest_main.dir/src/gtest_main.cc.o[0m
[5.428s] [ 28%] [32mBuilding CXX object CMakeFiles/socket_can_sender_node_exe.dir/rclcpp_components/node_main_socket_can_sender_node_exe.cpp.o[0m
[5.429s] [ 33%] [32mBuilding CXX object gtest/CMakeFiles/gtest.dir/src/gtest-all.cc.o[0m
[5.448s] [ 38%] [32mBuilding CXX object CMakeFiles/socket_can_receiver_node_exe.dir/rclcpp_components/node_main_socket_can_receiver_node_exe.cpp.o[0m
[6.962s] [ 42%] [32m[1mLinking CXX shared library libros2_socketcan.so[0m
[7.428s] [ 42%] Built target ros2_socketcan
[7.499s] [35m[1mScanning dependencies of target socket_can_receiver_node[0m
[7.636s] [ 47%] [32m[1mLinking CXX static library libgtest_main.a[0m
[7.640s] [ 52%] [32mBuilding CXX object CMakeFiles/socket_can_receiver_node.dir/src/socket_can_receiver_node.cpp.o[0m
[7.753s] [ 52%] Built target gtest_main
[12.346s] [ 57%] [32m[1mLinking CXX executable socket_can_sender_node_exe[0m
[12.427s] [ 61%] [32m[1mLinking CXX executable socket_can_receiver_node_exe[0m
[12.721s] [ 61%] Built target socket_can_sender_node_exe
[12.779s] [ 61%] Built target socket_can_receiver_node_exe
[13.857s] [ 66%] [32m[1mLinking CXX static library libgtest.a[0m
[13.991s] [ 66%] Built target gtest
[14.018s] [35m[1mScanning dependencies of target ros2_socketcan_test[0m
[14.055s] [ 76%] [32mBuilding CXX object CMakeFiles/ros2_socketcan_test.dir/test/sanity_checks.cpp.o[0m
[14.055s] [ 76%] [32mBuilding CXX object CMakeFiles/ros2_socketcan_test.dir/test/gtest_main.cpp.o[0m
[14.055s] [ 80%] [32mBuilding CXX object CMakeFiles/ros2_socketcan_test.dir/test/receiver.cpp.o[0m
[16.821s] [ 85%] [32m[1mLinking CXX executable ros2_socketcan_test[0m
[17.232s] [ 85%] Built target ros2_socketcan_test
[17.658s] [ 90%] [32m[1mLinking CXX shared library libsocket_can_receiver_node.so[0m
[18.106s] [ 90%] Built target socket_can_receiver_node
[18.129s] [35m[1mScanning dependencies of target socket_can_sender_node[0m
[18.216s] [ 95%] [32mBuilding CXX object CMakeFiles/socket_can_sender_node.dir/src/socket_can_sender_node.cpp.o[0m
[33.413s] [100%] [32m[1mLinking CXX shared library libsocket_can_sender_node.so[0m
[34.270s] [100%] Built target socket_can_sender_node
[34.305s] Invoked command in '/home/kimm/wearable_robot_ws/src/build/ros2_socketcan' returned '0': CMAKE_PREFIX_PATH=${CMAKE_PREFIX_PATH}:/opt/ros/foxy /usr/bin/cmake --build /home/kimm/wearable_robot_ws/src/build/ros2_socketcan -- -j8 -l8
[34.336s] Invoking command in '/home/kimm/wearable_robot_ws/src/build/ros2_socketcan': CMAKE_PREFIX_PATH=${CMAKE_PREFIX_PATH}:/opt/ros/foxy /usr/bin/cmake --install /home/kimm/wearable_robot_ws/src/build/ros2_socketcan
[34.357s] -- Install configuration: ""
[34.357s] -- Installing: /home/kimm/wearable_robot_ws/src/install/ros2_socketcan/lib/ros2_socketcan/socket_can_receiver_node_exe
[34.358s] -- Set runtime path of "/home/kimm/wearable_robot_ws/src/install/ros2_socketcan/lib/ros2_socketcan/socket_can_receiver_node_exe" to ""
[34.358s] -- Installing: /home/kimm/wearable_robot_ws/src/install/ros2_socketcan/lib/ros2_socketcan/socket_can_sender_node_exe
[34.359s] -- Set runtime path of "/home/kimm/wearable_robot_ws/src/install/ros2_socketcan/lib/ros2_socketcan/socket_can_sender_node_exe" to ""
[34.359s] -- Installing: /home/kimm/wearable_robot_ws/src/install/ros2_socketcan/include
[34.360s] -- Installing: /home/kimm/wearable_robot_ws/src/install/ros2_socketcan/include/ros2_socketcan
[34.360s] -- Installing: /home/kimm/wearable_robot_ws/src/install/ros2_socketcan/include/ros2_socketcan/socket_can_receiver.hpp
[34.360s] -- Installing: /home/kimm/wearable_robot_ws/src/install/ros2_socketcan/include/ros2_socketcan/socket_can_sender_node.hpp
[34.360s] -- Installing: /home/kimm/wearable_robot_ws/src/install/ros2_socketcan/include/ros2_socketcan/socket_can_common.hpp
[34.360s] -- Installing: /home/kimm/wearable_robot_ws/src/install/ros2_socketcan/include/ros2_socketcan/socket_can_receiver_node.hpp
[34.360s] -- Installing: /home/kimm/wearable_robot_ws/src/install/ros2_socketcan/include/ros2_socketcan/socket_can_sender.hpp
[34.361s] -- Installing: /home/kimm/wearable_robot_ws/src/install/ros2_socketcan/include/ros2_socketcan/visibility_control.hpp
[34.361s] -- Installing: /home/kimm/wearable_robot_ws/src/install/ros2_socketcan/include/ros2_socketcan/socket_can_id.hpp
[34.361s] -- Installing: /home/kimm/wearable_robot_ws/src/install/ros2_socketcan/share/ros2_socketcan/environment/library_path.sh
[34.362s] -- Installing: /home/kimm/wearable_robot_ws/src/install/ros2_socketcan/share/ros2_socketcan/environment/library_path.dsv
[34.362s] -- Installing: /home/kimm/wearable_robot_ws/src/install/ros2_socketcan/lib/libros2_socketcan.so
[34.363s] -- Set runtime path of "/home/kimm/wearable_robot_ws/src/install/ros2_socketcan/lib/libros2_socketcan.so" to ""
[34.363s] -- Installing: /home/kimm/wearable_robot_ws/src/install/ros2_socketcan/lib/libsocket_can_receiver_node.so
[34.367s] -- Set runtime path of "/home/kimm/wearable_robot_ws/src/install/ros2_socketcan/lib/libsocket_can_receiver_node.so" to ""
[34.367s] -- Installing: /home/kimm/wearable_robot_ws/src/install/ros2_socketcan/lib/libsocket_can_sender_node.so
[34.377s] -- Set runtime path of "/home/kimm/wearable_robot_ws/src/install/ros2_socketcan/lib/libsocket_can_sender_node.so" to ""
[34.377s] -- Installing: /home/kimm/wearable_robot_ws/src/install/ros2_socketcan/share/ros2_socketcan/launch
[34.378s] -- Installing: /home/kimm/wearable_robot_ws/src/install/ros2_socketcan/share/ros2_socketcan/launch/socket_can_sender.launch.py
[34.378s] -- Installing: /home/kimm/wearable_robot_ws/src/install/ros2_socketcan/share/ros2_socketcan/launch/socket_can_bridge.launch.xml
[34.378s] -- Installing: /home/kimm/wearable_robot_ws/src/install/ros2_socketcan/share/ros2_socketcan/launch/socket_can_receiver.launch.py
[34.378s] -- Installing: /home/kimm/wearable_robot_ws/src/install/ros2_socketcan/share/ament_index/resource_index/package_run_dependencies/ros2_socketcan
[34.379s] -- Installing: /home/kimm/wearable_robot_ws/src/install/ros2_socketcan/share/ament_index/resource_index/parent_prefix_path/ros2_socketcan
[34.379s] -- Installing: /home/kimm/wearable_robot_ws/src/install/ros2_socketcan/share/ros2_socketcan/environment/ament_prefix_path.sh
[34.379s] -- Installing: /home/kimm/wearable_robot_ws/src/install/ros2_socketcan/share/ros2_socketcan/environment/ament_prefix_path.dsv
[34.379s] -- Installing: /home/kimm/wearable_robot_ws/src/install/ros2_socketcan/share/ros2_socketcan/environment/path.sh
[34.380s] -- Installing: /home/kimm/wearable_robot_ws/src/install/ros2_socketcan/share/ros2_socketcan/environment/path.dsv
[34.380s] -- Installing: /home/kimm/wearable_robot_ws/src/install/ros2_socketcan/share/ros2_socketcan/local_setup.bash
[34.380s] -- Installing: /home/kimm/wearable_robot_ws/src/install/ros2_socketcan/share/ros2_socketcan/local_setup.sh
[34.381s] -- Installing: /home/kimm/wearable_robot_ws/src/install/ros2_socketcan/share/ros2_socketcan/local_setup.zsh
[34.381s] -- Installing: /home/kimm/wearable_robot_ws/src/install/ros2_socketcan/share/ros2_socketcan/local_setup.dsv
[34.386s] -- Installing: /home/kimm/wearable_robot_ws/src/install/ros2_socketcan/share/ros2_socketcan/package.dsv
[34.386s] -- Installing: /home/kimm/wearable_robot_ws/src/install/ros2_socketcan/share/ament_index/resource_index/packages/ros2_socketcan
[34.386s] -- Installing: /home/kimm/wearable_robot_ws/src/install/ros2_socketcan/share/ament_index/resource_index/rclcpp_components/ros2_socketcan
[34.386s] -- Installing: /home/kimm/wearable_robot_ws/src/install/ros2_socketcan/share/ros2_socketcan/cmake/ament_cmake_export_dependencies-extras.cmake
[34.386s] -- Installing: /home/kimm/wearable_robot_ws/src/install/ros2_socketcan/share/ros2_socketcan/cmake/ament_cmake_export_include_directories-extras.cmake
[34.387s] -- Installing: /home/kimm/wearable_robot_ws/src/install/ros2_socketcan/share/ros2_socketcan/cmake/ament_cmake_export_libraries-extras.cmake
[34.387s] -- Installing: /home/kimm/wearable_robot_ws/src/install/ros2_socketcan/share/ros2_socketcan/cmake/ros2_socketcanConfig.cmake
[34.387s] -- Installing: /home/kimm/wearable_robot_ws/src/install/ros2_socketcan/share/ros2_socketcan/cmake/ros2_socketcanConfig-version.cmake
[34.388s] -- Installing: /home/kimm/wearable_robot_ws/src/install/ros2_socketcan/share/ros2_socketcan/package.xml
[34.390s] Invoked command in '/home/kimm/wearable_robot_ws/src/build/ros2_socketcan' returned '0': CMAKE_PREFIX_PATH=${CMAKE_PREFIX_PATH}:/opt/ros/foxy /usr/bin/cmake --install /home/kimm/wearable_robot_ws/src/build/ros2_socketcan
