[0.439s] DEBUG:colcon:Command line arguments: ['/usr/bin/colcon', 'build', '--packages-select', 'ros2_socketcan']
[0.439s] DEBUG:colcon:Parsed command line arguments: Namespace(allow_overriding=[], ament_cmake_args=None, base_paths=['.'], build_base='build', catkin_cmake_args=None, catkin_skip_building_tests=False, cmake_args=None, cmake_clean_cache=False, cmake_clean_first=False, cmake_force_configure=False, cmake_target=None, cmake_target_skip_unavailable=False, continue_on_error=False, event_handlers=None, executor='parallel', ignore_user_meta=False, install_base='install', log_base=None, log_level=None, main=<bound method BuildVerb.main of <colcon_core.verb.build.BuildVerb object at 0xffffb4641d00>>, merge_install=False, metas=['./colcon.meta'], packages_above=None, packages_above_and_dependencies=None, packages_above_depth=None, packages_end=None, packages_ignore=None, packages_ignore_regex=None, packages_select=['ros2_socketcan'], packages_select_build_failed=False, packages_select_by_dep=None, packages_select_regex=None, packages_select_test_failures=False, packages_skip=None, packages_skip_build_finished=False, packages_skip_by_dep=None, packages_skip_regex=None, packages_skip_test_passed=False, packages_skip_up_to=None, packages_start=None, packages_up_to=None, packages_up_to_regex=None, parallel_workers=8, paths=None, symlink_install=False, test_result_base=None, verb_extension=<colcon_core.verb.build.BuildVerb object at 0xffffb4641d00>, verb_name='build', verb_parser=<colcon_defaults.argument_parser.defaults.DefaultArgumentsDecorator object at 0xffffb45e3f10>)
[0.772s] Level 1:colcon.colcon_core.package_discovery:discover_packages(colcon_meta) check parameters
[0.772s] Level 1:colcon.colcon_core.package_discovery:discover_packages(recursive) check parameters
[0.772s] Level 1:colcon.colcon_core.package_discovery:discover_packages(ignore) check parameters
[0.772s] Level 1:colcon.colcon_core.package_discovery:discover_packages(path) check parameters
[0.772s] Level 1:colcon.colcon_core.package_discovery:discover_packages(colcon_meta) discover
[0.772s] Level 1:colcon.colcon_core.package_discovery:discover_packages(recursive) discover
[0.773s] INFO:colcon.colcon_core.package_discovery:Crawling recursively for packages in '/home/kimm/wearable_robot_ws/src'
[0.773s] Level 1:colcon.colcon_core.package_identification:_identify(.) by extensions ['ignore', 'ignore_ament_install']
[0.773s] Level 1:colcon.colcon_core.package_identification:_identify(.) by extension 'ignore'
[0.773s] Level 1:colcon.colcon_core.package_identification:_identify(.) by extension 'ignore_ament_install'
[0.773s] Level 1:colcon.colcon_core.package_identification:_identify(.) by extensions ['colcon_pkg']
[0.774s] Level 1:colcon.colcon_core.package_identification:_identify(.) by extension 'colcon_pkg'
[0.774s] Level 1:colcon.colcon_core.package_identification:_identify(.) by extensions ['colcon_meta']
[0.774s] Level 1:colcon.colcon_core.package_identification:_identify(.) by extension 'colcon_meta'
[0.774s] Level 1:colcon.colcon_core.package_identification:_identify(.) by extensions ['ros']
[0.774s] Level 1:colcon.colcon_core.package_identification:_identify(.) by extension 'ros'
[0.798s] Level 1:colcon.colcon_core.package_identification:_identify(.) by extensions ['cmake', 'python']
[0.799s] Level 1:colcon.colcon_core.package_identification:_identify(.) by extension 'cmake'
[0.799s] Level 1:colcon.colcon_core.package_identification:_identify(.) by extension 'python'
[0.799s] Level 1:colcon.colcon_core.package_identification:_identify(.) by extensions ['python_setup_py']
[0.799s] Level 1:colcon.colcon_core.package_identification:_identify(.) by extension 'python_setup_py'
[0.799s] Level 1:colcon.colcon_core.package_identification:_identify(build) by extensions ['ignore', 'ignore_ament_install']
[0.800s] Level 1:colcon.colcon_core.package_identification:_identify(build) by extension 'ignore'
[0.800s] Level 1:colcon.colcon_core.package_identification:_identify(build) ignored
[0.800s] Level 1:colcon.colcon_core.package_identification:_identify(install) by extensions ['ignore', 'ignore_ament_install']
[0.800s] Level 1:colcon.colcon_core.package_identification:_identify(install) by extension 'ignore'
[0.800s] Level 1:colcon.colcon_core.package_identification:_identify(install) ignored
[0.801s] Level 1:colcon.colcon_core.package_identification:_identify(log) by extensions ['ignore', 'ignore_ament_install']
[0.801s] Level 1:colcon.colcon_core.package_identification:_identify(log) by extension 'ignore'
[0.801s] Level 1:colcon.colcon_core.package_identification:_identify(log) ignored
[0.801s] Level 1:colcon.colcon_core.package_identification:_identify(ros2_socketcan) by extensions ['ignore', 'ignore_ament_install']
[0.801s] Level 1:colcon.colcon_core.package_identification:_identify(ros2_socketcan) by extension 'ignore'
[0.801s] Level 1:colcon.colcon_core.package_identification:_identify(ros2_socketcan) by extension 'ignore_ament_install'
[0.802s] Level 1:colcon.colcon_core.package_identification:_identify(ros2_socketcan) by extensions ['colcon_pkg']
[0.802s] Level 1:colcon.colcon_core.package_identification:_identify(ros2_socketcan) by extension 'colcon_pkg'
[0.802s] Level 1:colcon.colcon_core.package_identification:_identify(ros2_socketcan) by extensions ['colcon_meta']
[0.802s] Level 1:colcon.colcon_core.package_identification:_identify(ros2_socketcan) by extension 'colcon_meta'
[0.802s] Level 1:colcon.colcon_core.package_identification:_identify(ros2_socketcan) by extensions ['ros']
[0.802s] Level 1:colcon.colcon_core.package_identification:_identify(ros2_socketcan) by extension 'ros'
[0.802s] Level 1:colcon.colcon_core.package_identification:_identify(ros2_socketcan) by extensions ['cmake', 'python']
[0.802s] Level 1:colcon.colcon_core.package_identification:_identify(ros2_socketcan) by extension 'cmake'
[0.802s] Level 1:colcon.colcon_core.package_identification:_identify(ros2_socketcan) by extension 'python'
[0.803s] Level 1:colcon.colcon_core.package_identification:_identify(ros2_socketcan) by extensions ['python_setup_py']
[0.803s] Level 1:colcon.colcon_core.package_identification:_identify(ros2_socketcan) by extension 'python_setup_py'
[0.803s] Level 1:colcon.colcon_core.package_identification:_identify(ros2_socketcan/ros2_socketcan) by extensions ['ignore', 'ignore_ament_install']
[0.803s] Level 1:colcon.colcon_core.package_identification:_identify(ros2_socketcan/ros2_socketcan) by extension 'ignore'
[0.803s] Level 1:colcon.colcon_core.package_identification:_identify(ros2_socketcan/ros2_socketcan) by extension 'ignore_ament_install'
[0.803s] Level 1:colcon.colcon_core.package_identification:_identify(ros2_socketcan/ros2_socketcan) by extensions ['colcon_pkg']
[0.803s] Level 1:colcon.colcon_core.package_identification:_identify(ros2_socketcan/ros2_socketcan) by extension 'colcon_pkg'
[0.804s] Level 1:colcon.colcon_core.package_identification:_identify(ros2_socketcan/ros2_socketcan) by extensions ['colcon_meta']
[0.804s] Level 1:colcon.colcon_core.package_identification:_identify(ros2_socketcan/ros2_socketcan) by extension 'colcon_meta'
[0.804s] Level 1:colcon.colcon_core.package_identification:_identify(ros2_socketcan/ros2_socketcan) by extensions ['ros']
[0.804s] Level 1:colcon.colcon_core.package_identification:_identify(ros2_socketcan/ros2_socketcan) by extension 'ros'
[0.811s] DEBUG:colcon.colcon_core.package_identification:Package 'ros2_socketcan/ros2_socketcan' with type 'ros.ament_cmake' and name 'ros2_socketcan'
[0.811s] Level 1:colcon.colcon_core.package_identification:_identify(ros2_socketcan/ros2_socketcan_msgs) by extensions ['ignore', 'ignore_ament_install']
[0.812s] Level 1:colcon.colcon_core.package_identification:_identify(ros2_socketcan/ros2_socketcan_msgs) by extension 'ignore'
[0.812s] Level 1:colcon.colcon_core.package_identification:_identify(ros2_socketcan/ros2_socketcan_msgs) by extension 'ignore_ament_install'
[0.812s] Level 1:colcon.colcon_core.package_identification:_identify(ros2_socketcan/ros2_socketcan_msgs) by extensions ['colcon_pkg']
[0.812s] Level 1:colcon.colcon_core.package_identification:_identify(ros2_socketcan/ros2_socketcan_msgs) by extension 'colcon_pkg'
[0.812s] Level 1:colcon.colcon_core.package_identification:_identify(ros2_socketcan/ros2_socketcan_msgs) by extensions ['colcon_meta']
[0.813s] Level 1:colcon.colcon_core.package_identification:_identify(ros2_socketcan/ros2_socketcan_msgs) by extension 'colcon_meta'
[0.813s] Level 1:colcon.colcon_core.package_identification:_identify(ros2_socketcan/ros2_socketcan_msgs) by extensions ['ros']
[0.813s] Level 1:colcon.colcon_core.package_identification:_identify(ros2_socketcan/ros2_socketcan_msgs) by extension 'ros'
[0.814s] DEBUG:colcon.colcon_core.package_identification:Package 'ros2_socketcan/ros2_socketcan_msgs' with type 'ros.ament_cmake' and name 'ros2_socketcan_msgs'
[0.815s] Level 1:colcon.colcon_core.package_identification:_identify(wearable_robot_bringup) by extensions ['ignore', 'ignore_ament_install']
[0.815s] Level 1:colcon.colcon_core.package_identification:_identify(wearable_robot_bringup) by extension 'ignore'
[0.815s] Level 1:colcon.colcon_core.package_identification:_identify(wearable_robot_bringup) by extension 'ignore_ament_install'
[0.815s] Level 1:colcon.colcon_core.package_identification:_identify(wearable_robot_bringup) by extensions ['colcon_pkg']
[0.815s] Level 1:colcon.colcon_core.package_identification:_identify(wearable_robot_bringup) by extension 'colcon_pkg'
[0.816s] Level 1:colcon.colcon_core.package_identification:_identify(wearable_robot_bringup) by extensions ['colcon_meta']
[0.816s] Level 1:colcon.colcon_core.package_identification:_identify(wearable_robot_bringup) by extension 'colcon_meta'
[0.816s] Level 1:colcon.colcon_core.package_identification:_identify(wearable_robot_bringup) by extensions ['ros']
[0.816s] Level 1:colcon.colcon_core.package_identification:_identify(wearable_robot_bringup) by extension 'ros'
[0.817s] DEBUG:colcon.colcon_core.package_identification:Package 'wearable_robot_bringup' with type 'ros.ament_cmake' and name 'wearable_robot_bringup'
[0.817s] Level 1:colcon.colcon_core.package_identification:_identify(wearable_robot_control) by extensions ['ignore', 'ignore_ament_install']
[0.817s] Level 1:colcon.colcon_core.package_identification:_identify(wearable_robot_control) by extension 'ignore'
[0.818s] Level 1:colcon.colcon_core.package_identification:_identify(wearable_robot_control) by extension 'ignore_ament_install'
[0.818s] Level 1:colcon.colcon_core.package_identification:_identify(wearable_robot_control) by extensions ['colcon_pkg']
[0.818s] Level 1:colcon.colcon_core.package_identification:_identify(wearable_robot_control) by extension 'colcon_pkg'
[0.818s] Level 1:colcon.colcon_core.package_identification:_identify(wearable_robot_control) by extensions ['colcon_meta']
[0.818s] Level 1:colcon.colcon_core.package_identification:_identify(wearable_robot_control) by extension 'colcon_meta'
[0.818s] Level 1:colcon.colcon_core.package_identification:_identify(wearable_robot_control) by extensions ['ros']
[0.818s] Level 1:colcon.colcon_core.package_identification:_identify(wearable_robot_control) by extension 'ros'
[0.819s] DEBUG:colcon.colcon_core.package_identification:Package 'wearable_robot_control' with type 'ros.ament_cmake' and name 'wearable_robot_control'
[0.820s] Level 1:colcon.colcon_core.package_identification:_identify(wearable_robot_data_processing) by extensions ['ignore', 'ignore_ament_install']
[0.820s] Level 1:colcon.colcon_core.package_identification:_identify(wearable_robot_data_processing) by extension 'ignore'
[0.820s] Level 1:colcon.colcon_core.package_identification:_identify(wearable_robot_data_processing) by extension 'ignore_ament_install'
[0.820s] Level 1:colcon.colcon_core.package_identification:_identify(wearable_robot_data_processing) by extensions ['colcon_pkg']
[0.820s] Level 1:colcon.colcon_core.package_identification:_identify(wearable_robot_data_processing) by extension 'colcon_pkg'
[0.820s] Level 1:colcon.colcon_core.package_identification:_identify(wearable_robot_data_processing) by extensions ['colcon_meta']
[0.820s] Level 1:colcon.colcon_core.package_identification:_identify(wearable_robot_data_processing) by extension 'colcon_meta'
[0.820s] Level 1:colcon.colcon_core.package_identification:_identify(wearable_robot_data_processing) by extensions ['ros']
[0.821s] Level 1:colcon.colcon_core.package_identification:_identify(wearable_robot_data_processing) by extension 'ros'
[0.822s] DEBUG:colcon.colcon_core.package_identification:Package 'wearable_robot_data_processing' with type 'ros.ament_cmake' and name 'wearable_robot_data_processing'
[0.823s] Level 1:colcon.colcon_core.package_identification:_identify(wearable_robot_hw) by extensions ['ignore', 'ignore_ament_install']
[0.823s] Level 1:colcon.colcon_core.package_identification:_identify(wearable_robot_hw) by extension 'ignore'
[0.823s] Level 1:colcon.colcon_core.package_identification:_identify(wearable_robot_hw) by extension 'ignore_ament_install'
[0.823s] Level 1:colcon.colcon_core.package_identification:_identify(wearable_robot_hw) by extensions ['colcon_pkg']
[0.823s] Level 1:colcon.colcon_core.package_identification:_identify(wearable_robot_hw) by extension 'colcon_pkg'
[0.823s] Level 1:colcon.colcon_core.package_identification:_identify(wearable_robot_hw) by extensions ['colcon_meta']
[0.823s] Level 1:colcon.colcon_core.package_identification:_identify(wearable_robot_hw) by extension 'colcon_meta'
[0.824s] Level 1:colcon.colcon_core.package_identification:_identify(wearable_robot_hw) by extensions ['ros']
[0.824s] Level 1:colcon.colcon_core.package_identification:_identify(wearable_robot_hw) by extension 'ros'
[0.825s] DEBUG:colcon.colcon_core.package_identification:Package 'wearable_robot_hw' with type 'ros.ament_cmake' and name 'wearable_robot_hw'
[0.825s] Level 1:colcon.colcon_core.package_identification:_identify(wearable_robot_interfaces) by extensions ['ignore', 'ignore_ament_install']
[0.826s] Level 1:colcon.colcon_core.package_identification:_identify(wearable_robot_interfaces) by extension 'ignore'
[0.826s] Level 1:colcon.colcon_core.package_identification:_identify(wearable_robot_interfaces) by extension 'ignore_ament_install'
[0.826s] Level 1:colcon.colcon_core.package_identification:_identify(wearable_robot_interfaces) by extensions ['colcon_pkg']
[0.826s] Level 1:colcon.colcon_core.package_identification:_identify(wearable_robot_interfaces) by extension 'colcon_pkg'
[0.826s] Level 1:colcon.colcon_core.package_identification:_identify(wearable_robot_interfaces) by extensions ['colcon_meta']
[0.826s] Level 1:colcon.colcon_core.package_identification:_identify(wearable_robot_interfaces) by extension 'colcon_meta'
[0.826s] Level 1:colcon.colcon_core.package_identification:_identify(wearable_robot_interfaces) by extensions ['ros']
[0.826s] Level 1:colcon.colcon_core.package_identification:_identify(wearable_robot_interfaces) by extension 'ros'
[0.828s] DEBUG:colcon.colcon_core.package_identification:Package 'wearable_robot_interfaces' with type 'ros.ament_cmake' and name 'wearable_robot_interfaces'
[0.828s] Level 1:colcon.colcon_core.package_discovery:discover_packages(recursive) using defaults
[0.828s] Level 1:colcon.colcon_core.package_discovery:discover_packages(ignore) discover
[0.828s] Level 1:colcon.colcon_core.package_discovery:discover_packages(ignore) using defaults
[0.828s] Level 1:colcon.colcon_core.package_discovery:discover_packages(path) discover
[0.828s] Level 1:colcon.colcon_core.package_discovery:discover_packages(path) using defaults
[0.870s] INFO:colcon.colcon_core.package_selection:Skipping not selected package 'ros2_socketcan_msgs' in 'ros2_socketcan/ros2_socketcan_msgs'
[0.870s] INFO:colcon.colcon_core.package_selection:Skipping not selected package 'wearable_robot_bringup' in 'wearable_robot_bringup'
[0.870s] INFO:colcon.colcon_core.package_selection:Skipping not selected package 'wearable_robot_control' in 'wearable_robot_control'
[0.870s] INFO:colcon.colcon_core.package_selection:Skipping not selected package 'wearable_robot_interfaces' in 'wearable_robot_interfaces'
[0.870s] INFO:colcon.colcon_core.package_selection:Skipping not selected package 'wearable_robot_data_processing' in 'wearable_robot_data_processing'
[0.870s] INFO:colcon.colcon_core.package_selection:Skipping not selected package 'wearable_robot_hw' in 'wearable_robot_hw'
[0.872s] Level 1:colcon.colcon_core.package_discovery:discover_packages(prefix_path) check parameters
[0.872s] Level 1:colcon.colcon_core.package_discovery:discover_packages(prefix_path) discover
[0.878s] DEBUG:colcon.colcon_installed_package_information.package_discovery:Found 9 installed packages in /home/kimm/wearable_robot_ws/install
[0.879s] DEBUG:colcon.colcon_installed_package_information.package_discovery:Found 1 installed packages in /home/kimm/install
[0.882s] DEBUG:colcon.colcon_installed_package_information.package_discovery:Found 262 installed packages in /opt/ros/foxy
[0.885s] Level 1:colcon.colcon_core.package_discovery:discover_packages(prefix_path) using defaults
[1.062s] Level 5:colcon.colcon_core.verb:set package 'ros2_socketcan' build argument 'cmake_args' from command line to 'None'
[1.063s] Level 5:colcon.colcon_core.verb:set package 'ros2_socketcan' build argument 'cmake_target' from command line to 'None'
[1.063s] Level 5:colcon.colcon_core.verb:set package 'ros2_socketcan' build argument 'cmake_target_skip_unavailable' from command line to 'False'
[1.063s] Level 5:colcon.colcon_core.verb:set package 'ros2_socketcan' build argument 'cmake_clean_cache' from command line to 'False'
[1.063s] Level 5:colcon.colcon_core.verb:set package 'ros2_socketcan' build argument 'cmake_clean_first' from command line to 'False'
[1.063s] Level 5:colcon.colcon_core.verb:set package 'ros2_socketcan' build argument 'cmake_force_configure' from command line to 'False'
[1.063s] Level 5:colcon.colcon_core.verb:set package 'ros2_socketcan' build argument 'ament_cmake_args' from command line to 'None'
[1.063s] Level 5:colcon.colcon_core.verb:set package 'ros2_socketcan' build argument 'catkin_cmake_args' from command line to 'None'
[1.063s] Level 5:colcon.colcon_core.verb:set package 'ros2_socketcan' build argument 'catkin_skip_building_tests' from command line to 'False'
[1.063s] DEBUG:colcon.colcon_core.verb:Building package 'ros2_socketcan' with the following arguments: {'ament_cmake_args': None, 'build_base': '/home/kimm/wearable_robot_ws/src/build/ros2_socketcan', 'catkin_cmake_args': None, 'catkin_skip_building_tests': False, 'cmake_args': None, 'cmake_clean_cache': False, 'cmake_clean_first': False, 'cmake_force_configure': False, 'cmake_target': None, 'cmake_target_skip_unavailable': False, 'install_base': '/home/kimm/wearable_robot_ws/src/install/ros2_socketcan', 'merge_install': False, 'path': '/home/kimm/wearable_robot_ws/src/ros2_socketcan/ros2_socketcan', 'symlink_install': False, 'test_result_base': None}
[1.064s] INFO:colcon.colcon_core.executor:Executing jobs using 'parallel' executor
[1.066s] DEBUG:colcon.colcon_parallel_executor.executor.parallel:run_until_complete
[1.067s] INFO:colcon.colcon_ros.task.ament_cmake.build:Building ROS package in '/home/kimm/wearable_robot_ws/src/ros2_socketcan/ros2_socketcan' with build type 'ament_cmake'
[1.068s] INFO:colcon.colcon_cmake.task.cmake.build:Building CMake package in '/home/kimm/wearable_robot_ws/src/ros2_socketcan/ros2_socketcan'
[1.074s] INFO:colcon.colcon_core.plugin_system:Skipping extension 'colcon_core.shell.bat': Not used on non-Windows systems
[1.074s] INFO:colcon.colcon_core.shell:Skip shell extension 'powershell' for command environment: Not usable outside of PowerShell
[1.075s] DEBUG:colcon.colcon_core.shell:Skip shell extension 'dsv' for command environment
[1.081s] WARNING:colcon.colcon_core.shell:The following packages are in the workspace but haven't been built:
- ros2_socketcan_msgs
They are being used from the following locations instead:
- /home/kimm/wearable_robot_ws/install/ros2_socketcan_msgs
To suppress this warning ignore these packages in the workspace:
--packages-ignore ros2_socketcan_msgs
[1.100s] DEBUG:colcon.colcon_core.event_handler.log_command:Invoking command in '/home/kimm/wearable_robot_ws/src/build/ros2_socketcan': CMAKE_PREFIX_PATH=${CMAKE_PREFIX_PATH}:/opt/ros/foxy /usr/bin/cmake /home/kimm/wearable_robot_ws/src/ros2_socketcan/ros2_socketcan -DCMAKE_INSTALL_PREFIX=/home/kimm/wearable_robot_ws/src/install/ros2_socketcan
[6.298s] DEBUG:colcon.colcon_core.event_handler.log_command:Invoked command in '/home/kimm/wearable_robot_ws/src/build/ros2_socketcan' returned '0': CMAKE_PREFIX_PATH=${CMAKE_PREFIX_PATH}:/opt/ros/foxy /usr/bin/cmake /home/kimm/wearable_robot_ws/src/ros2_socketcan/ros2_socketcan -DCMAKE_INSTALL_PREFIX=/home/kimm/wearable_robot_ws/src/install/ros2_socketcan
[6.300s] DEBUG:colcon.colcon_core.event_handler.log_command:Invoking command in '/home/kimm/wearable_robot_ws/src/build/ros2_socketcan': CMAKE_PREFIX_PATH=${CMAKE_PREFIX_PATH}:/opt/ros/foxy /usr/bin/cmake --build /home/kimm/wearable_robot_ws/src/build/ros2_socketcan -- -j8 -l8
[35.374s] DEBUG:colcon.colcon_core.event_handler.log_command:Invoked command in '/home/kimm/wearable_robot_ws/src/build/ros2_socketcan' returned '0': CMAKE_PREFIX_PATH=${CMAKE_PREFIX_PATH}:/opt/ros/foxy /usr/bin/cmake --build /home/kimm/wearable_robot_ws/src/build/ros2_socketcan -- -j8 -l8
[35.406s] DEBUG:colcon.colcon_core.event_handler.log_command:Invoking command in '/home/kimm/wearable_robot_ws/src/build/ros2_socketcan': CMAKE_PREFIX_PATH=${CMAKE_PREFIX_PATH}:/opt/ros/foxy /usr/bin/cmake --install /home/kimm/wearable_robot_ws/src/build/ros2_socketcan
[35.458s] Level 1:colcon.colcon_core.environment:create_environment_scripts_only(ros2_socketcan)
[35.459s] DEBUG:colcon.colcon_core.event_handler.log_command:Invoked command in '/home/kimm/wearable_robot_ws/src/build/ros2_socketcan' returned '0': CMAKE_PREFIX_PATH=${CMAKE_PREFIX_PATH}:/opt/ros/foxy /usr/bin/cmake --install /home/kimm/wearable_robot_ws/src/build/ros2_socketcan
[35.467s] Level 1:colcon.colcon_core.environment:checking '/home/kimm/wearable_robot_ws/src/install/ros2_socketcan' for CMake module files
[35.468s] Level 1:colcon.colcon_core.environment:checking '/home/kimm/wearable_robot_ws/src/install/ros2_socketcan' for CMake config files
[35.469s] Level 1:colcon.colcon_core.shell:create_environment_hook('ros2_socketcan', 'cmake_prefix_path')
[35.470s] INFO:colcon.colcon_core.shell:Creating environment hook '/home/kimm/wearable_robot_ws/src/install/ros2_socketcan/share/ros2_socketcan/hook/cmake_prefix_path.ps1'
[35.472s] INFO:colcon.colcon_core.shell:Creating environment descriptor '/home/kimm/wearable_robot_ws/src/install/ros2_socketcan/share/ros2_socketcan/hook/cmake_prefix_path.dsv'
[35.473s] INFO:colcon.colcon_core.shell:Creating environment hook '/home/kimm/wearable_robot_ws/src/install/ros2_socketcan/share/ros2_socketcan/hook/cmake_prefix_path.sh'
[35.475s] Level 1:colcon.colcon_core.environment:checking '/home/kimm/wearable_robot_ws/src/install/ros2_socketcan/lib'
[35.476s] Level 1:colcon.colcon_core.shell:create_environment_hook('ros2_socketcan', 'ld_library_path_lib')
[35.476s] INFO:colcon.colcon_core.shell:Creating environment hook '/home/kimm/wearable_robot_ws/src/install/ros2_socketcan/share/ros2_socketcan/hook/ld_library_path_lib.ps1'
[35.478s] INFO:colcon.colcon_core.shell:Creating environment descriptor '/home/kimm/wearable_robot_ws/src/install/ros2_socketcan/share/ros2_socketcan/hook/ld_library_path_lib.dsv'
[35.479s] INFO:colcon.colcon_core.shell:Creating environment hook '/home/kimm/wearable_robot_ws/src/install/ros2_socketcan/share/ros2_socketcan/hook/ld_library_path_lib.sh'
[35.480s] Level 1:colcon.colcon_core.environment:checking '/home/kimm/wearable_robot_ws/src/install/ros2_socketcan/bin'
[35.480s] Level 1:colcon.colcon_core.environment:checking '/home/kimm/wearable_robot_ws/src/install/ros2_socketcan/lib/pkgconfig/ros2_socketcan.pc'
[35.481s] Level 1:colcon.colcon_core.environment:checking '/home/kimm/wearable_robot_ws/src/install/ros2_socketcan/lib/python3.8/site-packages'
[35.481s] Level 1:colcon.colcon_core.environment:checking '/home/kimm/wearable_robot_ws/src/install/ros2_socketcan/bin'
[35.482s] INFO:colcon.colcon_core.shell:Creating package script '/home/kimm/wearable_robot_ws/src/install/ros2_socketcan/share/ros2_socketcan/package.ps1'
[35.484s] INFO:colcon.colcon_core.shell:Creating package descriptor '/home/kimm/wearable_robot_ws/src/install/ros2_socketcan/share/ros2_socketcan/package.dsv'
[35.485s] INFO:colcon.colcon_core.shell:Creating package script '/home/kimm/wearable_robot_ws/src/install/ros2_socketcan/share/ros2_socketcan/package.sh'
[35.487s] INFO:colcon.colcon_core.shell:Creating package script '/home/kimm/wearable_robot_ws/src/install/ros2_socketcan/share/ros2_socketcan/package.bash'
[35.488s] INFO:colcon.colcon_core.shell:Creating package script '/home/kimm/wearable_robot_ws/src/install/ros2_socketcan/share/ros2_socketcan/package.zsh'
[35.490s] Level 1:colcon.colcon_core.environment:create_file_with_runtime_dependencies(/home/kimm/wearable_robot_ws/src/install/ros2_socketcan/share/colcon-core/packages/ros2_socketcan)
[35.492s] Level 1:colcon.colcon_core.environment:create_environment_scripts_only(ros2_socketcan)
[35.493s] Level 1:colcon.colcon_core.environment:checking '/home/kimm/wearable_robot_ws/src/install/ros2_socketcan' for CMake module files
[35.494s] Level 1:colcon.colcon_core.environment:checking '/home/kimm/wearable_robot_ws/src/install/ros2_socketcan' for CMake config files
[35.494s] Level 1:colcon.colcon_core.shell:create_environment_hook('ros2_socketcan', 'cmake_prefix_path')
[35.495s] INFO:colcon.colcon_core.shell:Creating environment hook '/home/kimm/wearable_robot_ws/src/install/ros2_socketcan/share/ros2_socketcan/hook/cmake_prefix_path.ps1'
[35.496s] INFO:colcon.colcon_core.shell:Creating environment descriptor '/home/kimm/wearable_robot_ws/src/install/ros2_socketcan/share/ros2_socketcan/hook/cmake_prefix_path.dsv'
[35.497s] INFO:colcon.colcon_core.shell:Creating environment hook '/home/kimm/wearable_robot_ws/src/install/ros2_socketcan/share/ros2_socketcan/hook/cmake_prefix_path.sh'
[35.499s] Level 1:colcon.colcon_core.environment:checking '/home/kimm/wearable_robot_ws/src/install/ros2_socketcan/lib'
[35.499s] Level 1:colcon.colcon_core.shell:create_environment_hook('ros2_socketcan', 'ld_library_path_lib')
[35.499s] INFO:colcon.colcon_core.shell:Creating environment hook '/home/kimm/wearable_robot_ws/src/install/ros2_socketcan/share/ros2_socketcan/hook/ld_library_path_lib.ps1'
[35.500s] INFO:colcon.colcon_core.shell:Creating environment descriptor '/home/kimm/wearable_robot_ws/src/install/ros2_socketcan/share/ros2_socketcan/hook/ld_library_path_lib.dsv'
[35.501s] INFO:colcon.colcon_core.shell:Creating environment hook '/home/kimm/wearable_robot_ws/src/install/ros2_socketcan/share/ros2_socketcan/hook/ld_library_path_lib.sh'
[35.502s] Level 1:colcon.colcon_core.environment:checking '/home/kimm/wearable_robot_ws/src/install/ros2_socketcan/bin'
[35.502s] Level 1:colcon.colcon_core.environment:checking '/home/kimm/wearable_robot_ws/src/install/ros2_socketcan/lib/pkgconfig/ros2_socketcan.pc'
[35.502s] Level 1:colcon.colcon_core.environment:checking '/home/kimm/wearable_robot_ws/src/install/ros2_socketcan/lib/python3.8/site-packages'
[35.503s] Level 1:colcon.colcon_core.environment:checking '/home/kimm/wearable_robot_ws/src/install/ros2_socketcan/bin'
[35.504s] INFO:colcon.colcon_core.shell:Creating package script '/home/kimm/wearable_robot_ws/src/install/ros2_socketcan/share/ros2_socketcan/package.ps1'
[35.505s] INFO:colcon.colcon_core.shell:Creating package descriptor '/home/kimm/wearable_robot_ws/src/install/ros2_socketcan/share/ros2_socketcan/package.dsv'
[35.506s] INFO:colcon.colcon_core.shell:Creating package script '/home/kimm/wearable_robot_ws/src/install/ros2_socketcan/share/ros2_socketcan/package.sh'
[35.507s] INFO:colcon.colcon_core.shell:Creating package script '/home/kimm/wearable_robot_ws/src/install/ros2_socketcan/share/ros2_socketcan/package.bash'
[35.508s] INFO:colcon.colcon_core.shell:Creating package script '/home/kimm/wearable_robot_ws/src/install/ros2_socketcan/share/ros2_socketcan/package.zsh'
[35.509s] Level 1:colcon.colcon_core.environment:create_file_with_runtime_dependencies(/home/kimm/wearable_robot_ws/src/install/ros2_socketcan/share/colcon-core/packages/ros2_socketcan)
[35.510s] DEBUG:colcon.colcon_parallel_executor.executor.parallel:closing loop
[35.511s] DEBUG:colcon.colcon_parallel_executor.executor.parallel:loop closed
[35.511s] DEBUG:colcon.colcon_parallel_executor.executor.parallel:run_until_complete finished with '0'
[35.512s] DEBUG:colcon.colcon_core.event_reactor:joining thread
[35.529s] INFO:colcon.colcon_core.plugin_system:Skipping extension 'colcon_notification.desktop_notification.terminal_notifier': Not used on non-Darwin systems
[35.529s] INFO:colcon.colcon_core.plugin_system:Skipping extension 'colcon_notification.desktop_notification.win32': Not used on non-Windows systems
[35.530s] INFO:colcon.colcon_notification.desktop_notification:Sending desktop notification using 'notify2'
[35.573s] DEBUG:colcon.colcon_core.event_reactor:joined thread
[35.574s] INFO:colcon.colcon_core.shell:Creating prefix script '/home/kimm/wearable_robot_ws/src/install/local_setup.ps1'
[35.576s] INFO:colcon.colcon_core.shell:Creating prefix util module '/home/kimm/wearable_robot_ws/src/install/_local_setup_util_ps1.py'
[35.579s] INFO:colcon.colcon_core.shell:Creating prefix chain script '/home/kimm/wearable_robot_ws/src/install/setup.ps1'
[35.581s] INFO:colcon.colcon_core.shell:Creating prefix script '/home/kimm/wearable_robot_ws/src/install/local_setup.sh'
[35.583s] INFO:colcon.colcon_core.shell:Creating prefix util module '/home/kimm/wearable_robot_ws/src/install/_local_setup_util_sh.py'
[35.583s] INFO:colcon.colcon_core.shell:Creating prefix chain script '/home/kimm/wearable_robot_ws/src/install/setup.sh'
[35.586s] INFO:colcon.colcon_core.shell:Creating prefix script '/home/kimm/wearable_robot_ws/src/install/local_setup.bash'
[35.588s] INFO:colcon.colcon_core.shell:Creating prefix chain script '/home/kimm/wearable_robot_ws/src/install/setup.bash'
[35.590s] INFO:colcon.colcon_core.shell:Creating prefix script '/home/kimm/wearable_robot_ws/src/install/local_setup.zsh'
[35.591s] INFO:colcon.colcon_core.shell:Creating prefix chain script '/home/kimm/wearable_robot_ws/src/install/setup.zsh'
